2022-05-24 09:20:00.708  INFO 5608 --- [main] c.e.s.SecurityRedirectServiceApplication : Starting SecurityRedirectServiceApplication using Java 17.0.2 on n00st-VivoBook-ASUSLaptop-X513UA-M513UA with PID 5608 (/home/n00st/IdeaProjects/SecurityRedirectService/target/classes started by n00st in /home/n00st/IdeaProjects/SecurityRedirectService)
2022-05-24 09:20:00.751  INFO 5608 --- [main] c.e.s.SecurityRedirectServiceApplication : No active profile set, falling back to 1 default profile: "default"
2022-05-24 09:20:02.581  INFO 5608 --- [main] .s.d.r.c.RepositoryConfigurationDelegate : Bootstrapping Spring Data JPA repositories in DEFAULT mode.
2022-05-24 09:20:02.662  INFO 5608 --- [main] .s.d.r.c.RepositoryConfigurationDelegate : Finished Spring Data repository scanning in 72 ms. Found 1 JPA repository interfaces.
2022-05-24 09:20:03.364  INFO 5608 --- [main] o.s.b.w.embedded.tomcat.TomcatWebServer  : Tomcat initialized with port(s): 8081 (http)
2022-05-24 09:20:03.373  INFO 5608 --- [main] o.apache.catalina.core.StandardService   : Starting service [Tomcat]
2022-05-24 09:20:03.373  INFO 5608 --- [main] org.apache.catalina.core.StandardEngine  : Starting Servlet engine: [Apache Tomcat/9.0.62]
2022-05-24 09:20:03.480  INFO 5608 --- [main] o.a.c.c.C.[Tomcat].[localhost].[/]       : Initializing Spring embedded WebApplicationContext
2022-05-24 09:20:03.484  INFO 5608 --- [main] w.s.c.ServletWebServerApplicationContext : Root WebApplicationContext: initialization completed in 2280 ms
2022-05-24 09:20:03.756  INFO 5608 --- [main] o.hibernate.jpa.internal.util.LogHelper  : HHH000204: Processing PersistenceUnitInfo [name: default]
2022-05-24 09:20:03.808  INFO 5608 --- [main] org.hibernate.Version                    : HHH000412: Hibernate ORM core version 5.6.8.Final
2022-05-24 09:20:03.945  INFO 5608 --- [main] o.hibernate.annotations.common.Version   : HCANN000001: Hibernate Commons Annotations {5.1.2.Final}
2022-05-24 09:20:04.510  INFO 5608 --- [main] com.zaxxer.hikari.HikariDataSource       : HikariPool-1 - Starting...
2022-05-24 09:20:06.268  INFO 5608 --- [main] com.zaxxer.hikari.HikariDataSource       : HikariPool-1 - Start completed.
2022-05-24 09:20:06.367  INFO 5608 --- [main] org.hibernate.dialect.Dialect            : HHH000400: Using dialect: org.hibernate.dialect.PostgreSQLDialect
2022-05-24 09:20:09.008  INFO 5608 --- [main] o.h.e.t.j.p.i.JtaPlatformInitiator       : HHH000490: Using JtaPlatform implementation: [org.hibernate.engine.transaction.jta.platform.internal.NoJtaPlatform]
2022-05-24 09:20:09.016  INFO 5608 --- [main] j.LocalContainerEntityManagerFactoryBean : Initialized JPA EntityManagerFactory for persistence unit 'default'
2022-05-24 09:20:09.314  WARN 5608 --- [main] JpaBaseConfiguration$JpaWebConfiguration : spring.jpa.open-in-view is enabled by default. Therefore, database queries may be performed during view rendering. Explicitly configure spring.jpa.open-in-view to disable this warning
2022-05-24 09:20:09.629  INFO 5608 --- [main] o.s.s.web.DefaultSecurityFilterChain     : Will secure any request with [org.springframework.security.web.context.request.async.WebAsyncManagerIntegrationFilter@6fad5ace, org.springframework.security.web.context.SecurityContextPersistenceFilter@26291192, org.springframework.security.web.header.HeaderWriterFilter@29b4444a, org.springframework.web.filter.CorsFilter@632dc41, org.springframework.security.web.authentication.logout.LogoutFilter@7526bb18, com.example.securityredirectservice.configs.securityFilters.AuthenticationHandlerFilter@35f6f105, com.example.securityredirectservice.configs.securityFilters.AuthenticationFilter@3aa1c45, org.springframework.security.web.savedrequest.RequestCacheAwareFilter@2b540131, org.springframework.security.web.servletapi.SecurityContextHolderAwareRequestFilter@189e96af, org.springframework.security.web.authentication.AnonymousAuthenticationFilter@6d45dd4, org.springframework.security.web.session.SessionManagementFilter@2914a328, org.springframework.security.web.access.ExceptionTranslationFilter@31a024ea, org.springframework.security.web.access.intercept.FilterSecurityInterceptor@7857cb1d]
2022-05-24 09:20:10.064  INFO 5608 --- [main] o.s.b.w.embedded.tomcat.TomcatWebServer  : Tomcat started on port(s): 8081 (http) with context path ''
2022-05-24 09:20:10.074  INFO 5608 --- [main] c.e.s.SecurityRedirectServiceApplication : Started SecurityRedirectServiceApplication in 12.406 seconds (JVM running for 13.674)
2022-05-24 09:20:18.902  INFO 5608 --- [http-nio-8081-exec-1] o.a.c.c.C.[Tomcat].[localhost].[/]       : Initializing Spring DispatcherServlet 'dispatcherServlet'
2022-05-24 09:20:18.903  INFO 5608 --- [http-nio-8081-exec-1] o.s.web.servlet.DispatcherServlet        : Initializing Servlet 'dispatcherServlet'
2022-05-24 09:20:18.904  INFO 5608 --- [http-nio-8081-exec-1] o.s.web.servlet.DispatcherServlet        : Completed initialization in 1 ms
2022-05-24 09:26:20.291  INFO 5608 --- [SpringApplicationShutdownHook] j.LocalContainerEntityManagerFactoryBean : Closing JPA EntityManagerFactory for persistence unit 'default'
2022-05-24 09:26:20.295  INFO 5608 --- [SpringApplicationShutdownHook] com.zaxxer.hikari.HikariDataSource       : HikariPool-1 - Shutdown initiated...
2022-05-24 09:26:20.309  INFO 5608 --- [SpringApplicationShutdownHook] com.zaxxer.hikari.HikariDataSource       : HikariPool-1 - Shutdown completed.
2022-05-24 09:56:21.601  INFO 4016 --- [main] c.e.s.SecurityRedirectServiceApplication : Starting SecurityRedirectServiceApplication using Java 17.0.2 on n00st-VivoBook-ASUSLaptop-X513UA-M513UA with PID 4016 (/home/n00st/IdeaProjects/SecurityRedirectService/target/classes started by n00st in /home/n00st/IdeaProjects/SecurityRedirectService)
2022-05-24 09:56:21.604  INFO 4016 --- [main] c.e.s.SecurityRedirectServiceApplication : No active profile set, falling back to 1 default profile: "default"
2022-05-24 09:56:22.139  INFO 4016 --- [main] .s.d.r.c.RepositoryConfigurationDelegate : Bootstrapping Spring Data JPA repositories in DEFAULT mode.
2022-05-24 09:56:22.195  INFO 4016 --- [main] .s.d.r.c.RepositoryConfigurationDelegate : Finished Spring Data repository scanning in 50 ms. Found 1 JPA repository interfaces.
2022-05-24 09:56:22.613  INFO 4016 --- [main] o.s.b.w.embedded.tomcat.TomcatWebServer  : Tomcat initialized with port(s): 8081 (http)
2022-05-24 09:56:22.618  INFO 4016 --- [main] o.apache.catalina.core.StandardService   : Starting service [Tomcat]
2022-05-24 09:56:22.619  INFO 4016 --- [main] org.apache.catalina.core.StandardEngine  : Starting Servlet engine: [Apache Tomcat/9.0.62]
2022-05-24 09:56:22.674  INFO 4016 --- [main] o.a.c.c.C.[Tomcat].[localhost].[/]       : Initializing Spring embedded WebApplicationContext
2022-05-24 09:56:22.674  INFO 4016 --- [main] w.s.c.ServletWebServerApplicationContext : Root WebApplicationContext: initialization completed in 1033 ms
2022-05-24 09:56:22.815  INFO 4016 --- [main] o.hibernate.jpa.internal.util.LogHelper  : HHH000204: Processing PersistenceUnitInfo [name: default]
2022-05-24 09:56:22.841  INFO 4016 --- [main] org.hibernate.Version                    : HHH000412: Hibernate ORM core version 5.6.8.Final
2022-05-24 09:56:22.903  INFO 4016 --- [main] o.hibernate.annotations.common.Version   : HCANN000001: Hibernate Commons Annotations {5.1.2.Final}
2022-05-24 09:56:22.953  INFO 4016 --- [main] com.zaxxer.hikari.HikariDataSource       : HikariPool-1 - Starting...
2022-05-24 09:56:23.113  INFO 4016 --- [main] com.zaxxer.hikari.HikariDataSource       : HikariPool-1 - Start completed.
2022-05-24 09:56:23.127  INFO 4016 --- [main] org.hibernate.dialect.Dialect            : HHH000400: Using dialect: org.hibernate.dialect.PostgreSQLDialect
2022-05-24 09:56:23.448  INFO 4016 --- [main] o.h.e.t.j.p.i.JtaPlatformInitiator       : HHH000490: Using JtaPlatform implementation: [org.hibernate.engine.transaction.jta.platform.internal.NoJtaPlatform]
2022-05-24 09:56:23.453  INFO 4016 --- [main] j.LocalContainerEntityManagerFactoryBean : Initialized JPA EntityManagerFactory for persistence unit 'default'
2022-05-24 09:56:23.709  WARN 4016 --- [main] JpaBaseConfiguration$JpaWebConfiguration : spring.jpa.open-in-view is enabled by default. Therefore, database queries may be performed during view rendering. Explicitly configure spring.jpa.open-in-view to disable this warning
2022-05-24 09:56:23.951  INFO 4016 --- [main] o.s.s.web.DefaultSecurityFilterChain     : Will secure any request with [org.springframework.security.web.context.request.async.WebAsyncManagerIntegrationFilter@58486deb, org.springframework.security.web.context.SecurityContextPersistenceFilter@6ba08a09, org.springframework.security.web.header.HeaderWriterFilter@402feb85, org.springframework.web.filter.CorsFilter@4e933cf1, org.springframework.security.web.authentication.logout.LogoutFilter@4e343265, com.example.securityredirectservice.configs.securityFilters.AuthenticationHandlerFilter@729a9c3d, com.example.securityredirectservice.configs.securityFilters.AuthenticationFilter@574327ed, org.springframework.security.web.savedrequest.RequestCacheAwareFilter@3b839f68, org.springframework.security.web.servletapi.SecurityContextHolderAwareRequestFilter@654c2f81, org.springframework.security.web.authentication.AnonymousAuthenticationFilter@4c7f2fdb, org.springframework.security.web.session.SessionManagementFilter@126ff1a1, org.springframework.security.web.access.ExceptionTranslationFilter@60e80279, org.springframework.security.web.access.intercept.FilterSecurityInterceptor@47f39279]
2022-05-24 09:56:24.254  INFO 4016 --- [main] o.s.b.w.embedded.tomcat.TomcatWebServer  : Tomcat started on port(s): 8081 (http) with context path ''
2022-05-24 09:56:24.262  INFO 4016 --- [main] c.e.s.SecurityRedirectServiceApplication : Started SecurityRedirectServiceApplication in 2.933 seconds (JVM running for 3.387)
2022-05-24 09:57:15.039  INFO 4016 --- [http-nio-8081-exec-1] o.a.c.c.C.[Tomcat].[localhost].[/]       : Initializing Spring DispatcherServlet 'dispatcherServlet'
2022-05-24 09:57:15.041  INFO 4016 --- [http-nio-8081-exec-1] o.s.web.servlet.DispatcherServlet        : Initializing Servlet 'dispatcherServlet'
2022-05-24 09:57:15.050  INFO 4016 --- [http-nio-8081-exec-1] o.s.web.servlet.DispatcherServlet        : Completed initialization in 7 ms
2022-05-24 09:57:16.799  WARN 4016 --- [http-nio-8081-exec-4] io.netty.util.internal.MacAddressUtil    : Failed to find a usable hardware address from the network interfaces; using random bytes: ac:5e:a9:ea:d0:3e:32:bc
2022-05-24 10:10:09.393  INFO 4016 --- [SpringApplicationShutdownHook] j.LocalContainerEntityManagerFactoryBean : Closing JPA EntityManagerFactory for persistence unit 'default'
2022-05-24 10:10:09.397  INFO 4016 --- [SpringApplicationShutdownHook] com.zaxxer.hikari.HikariDataSource       : HikariPool-1 - Shutdown initiated...
2022-05-24 10:10:09.405  INFO 4016 --- [SpringApplicationShutdownHook] com.zaxxer.hikari.HikariDataSource       : HikariPool-1 - Shutdown completed.
2022-05-24 12:09:16.365  INFO 4887 --- [main] c.e.s.SecurityRedirectServiceApplication : Starting SecurityRedirectServiceApplication using Java 17.0.2 on n00st-VivoBook-ASUSLaptop-X513UA-M513UA with PID 4887 (/home/n00st/IdeaProjects/SecurityRedirectService/target/classes started by n00st in /home/n00st/IdeaProjects/SecurityRedirectService)
2022-05-24 12:09:16.368  INFO 4887 --- [main] c.e.s.SecurityRedirectServiceApplication : No active profile set, falling back to 1 default profile: "default"
2022-05-24 12:09:17.077  INFO 4887 --- [main] .s.d.r.c.RepositoryConfigurationDelegate : Bootstrapping Spring Data JPA repositories in DEFAULT mode.
2022-05-24 12:09:17.150  INFO 4887 --- [main] .s.d.r.c.RepositoryConfigurationDelegate : Finished Spring Data repository scanning in 64 ms. Found 1 JPA repository interfaces.
2022-05-24 12:09:20.069  INFO 4887 --- [main] o.s.b.w.embedded.tomcat.TomcatWebServer  : Tomcat initialized with port(s): 8081 (http)
2022-05-24 12:09:20.131  INFO 4887 --- [main] o.apache.catalina.core.StandardService   : Starting service [Tomcat]
2022-05-24 12:09:20.135  INFO 4887 --- [main] org.apache.catalina.core.StandardEngine  : Starting Servlet engine: [Apache Tomcat/9.0.62]
2022-05-24 12:09:20.864  INFO 4887 --- [main] o.a.c.c.C.[Tomcat].[localhost].[/]       : Initializing Spring embedded WebApplicationContext
2022-05-24 12:09:20.868  INFO 4887 --- [main] w.s.c.ServletWebServerApplicationContext : Root WebApplicationContext: initialization completed in 4453 ms
2022-05-24 12:09:22.382  INFO 4887 --- [main] o.hibernate.jpa.internal.util.LogHelper  : HHH000204: Processing PersistenceUnitInfo [name: default]
2022-05-24 12:09:22.430  INFO 4887 --- [main] org.hibernate.Version                    : HHH000412: Hibernate ORM core version 5.6.8.Final
2022-05-24 12:09:22.550  INFO 4887 --- [main] o.hibernate.annotations.common.Version   : HCANN000001: Hibernate Commons Annotations {5.1.2.Final}
2022-05-24 12:09:22.631  INFO 4887 --- [main] com.zaxxer.hikari.HikariDataSource       : HikariPool-1 - Starting...
2022-05-24 12:09:22.925  INFO 4887 --- [main] com.zaxxer.hikari.HikariDataSource       : HikariPool-1 - Start completed.
2022-05-24 12:09:22.947  INFO 4887 --- [main] org.hibernate.dialect.Dialect            : HHH000400: Using dialect: org.hibernate.dialect.PostgreSQLDialect
2022-05-24 12:09:23.427  INFO 4887 --- [main] o.h.e.t.j.p.i.JtaPlatformInitiator       : HHH000490: Using JtaPlatform implementation: [org.hibernate.engine.transaction.jta.platform.internal.NoJtaPlatform]
2022-05-24 12:09:23.434  INFO 4887 --- [main] j.LocalContainerEntityManagerFactoryBean : Initialized JPA EntityManagerFactory for persistence unit 'default'
2022-05-24 12:09:23.782  WARN 4887 --- [main] JpaBaseConfiguration$JpaWebConfiguration : spring.jpa.open-in-view is enabled by default. Therefore, database queries may be performed during view rendering. Explicitly configure spring.jpa.open-in-view to disable this warning
2022-05-24 12:09:24.150  INFO 4887 --- [main] o.s.s.web.DefaultSecurityFilterChain     : Will secure any request with [org.springframework.security.web.context.request.async.WebAsyncManagerIntegrationFilter@3aa1c45, org.springframework.security.web.context.SecurityContextPersistenceFilter@225ac5e7, org.springframework.security.web.header.HeaderWriterFilter@2d34866a, org.springframework.web.filter.CorsFilter@6d45dd4, org.springframework.security.web.authentication.logout.LogoutFilter@1041ebba, com.example.securityredirectservice.configs.securityFilters.AuthenticationHandlerFilter@1614499b, com.example.securityredirectservice.configs.securityFilters.AuthenticationFilter@1468fc85, org.springframework.security.web.savedrequest.RequestCacheAwareFilter@44948ac6, org.springframework.security.web.servletapi.SecurityContextHolderAwareRequestFilter@7fc56d61, org.springframework.security.web.authentication.AnonymousAuthenticationFilter@47f39279, org.springframework.security.web.session.SessionManagementFilter@27d5eb00, org.springframework.security.web.access.ExceptionTranslationFilter@1983a4e4, org.springframework.security.web.access.intercept.FilterSecurityInterceptor@682d9f21]
2022-05-24 12:09:24.718  INFO 4887 --- [main] o.s.b.w.embedded.tomcat.TomcatWebServer  : Tomcat started on port(s): 8081 (http) with context path ''
2022-05-24 12:09:24.731  INFO 4887 --- [main] c.e.s.SecurityRedirectServiceApplication : Started SecurityRedirectServiceApplication in 8.816 seconds (JVM running for 9.374)
2022-05-24 12:11:45.647  INFO 4887 --- [http-nio-8081-exec-1] o.a.c.c.C.[Tomcat].[localhost].[/]       : Initializing Spring DispatcherServlet 'dispatcherServlet'
2022-05-24 12:11:45.649  INFO 4887 --- [http-nio-8081-exec-1] o.s.web.servlet.DispatcherServlet        : Initializing Servlet 'dispatcherServlet'
2022-05-24 12:11:45.657  INFO 4887 --- [http-nio-8081-exec-1] o.s.web.servlet.DispatcherServlet        : Completed initialization in 7 ms
2022-05-24 12:14:46.870  INFO 4887 --- [SpringApplicationShutdownHook] j.LocalContainerEntityManagerFactoryBean : Closing JPA EntityManagerFactory for persistence unit 'default'
2022-05-24 12:14:46.872  INFO 4887 --- [SpringApplicationShutdownHook] com.zaxxer.hikari.HikariDataSource       : HikariPool-1 - Shutdown initiated...
2022-05-24 12:14:46.887  INFO 4887 --- [SpringApplicationShutdownHook] com.zaxxer.hikari.HikariDataSource       : HikariPool-1 - Shutdown completed.
2022-05-24 12:14:54.711  INFO 6898 --- [main] c.e.s.SecurityRedirectServiceApplication : Starting SecurityRedirectServiceApplication using Java 17.0.2 on n00st-VivoBook-ASUSLaptop-X513UA-M513UA with PID 6898 (/home/n00st/IdeaProjects/SecurityRedirectService/target/classes started by n00st in /home/n00st/IdeaProjects/SecurityRedirectService)
2022-05-24 12:14:54.713  INFO 6898 --- [main] c.e.s.SecurityRedirectServiceApplication : No active profile set, falling back to 1 default profile: "default"
2022-05-24 12:14:58.275  INFO 6898 --- [main] .s.d.r.c.RepositoryConfigurationDelegate : Bootstrapping Spring Data JPA repositories in DEFAULT mode.
2022-05-24 12:15:02.777  INFO 6982 --- [main] c.e.s.SecurityRedirectServiceApplication : Starting SecurityRedirectServiceApplication using Java 17.0.2 on n00st-VivoBook-ASUSLaptop-X513UA-M513UA with PID 6982 (/home/n00st/IdeaProjects/SecurityRedirectService/target/classes started by n00st in /home/n00st/IdeaProjects/SecurityRedirectService)
2022-05-24 12:15:02.780  INFO 6982 --- [main] c.e.s.SecurityRedirectServiceApplication : No active profile set, falling back to 1 default profile: "default"
2022-05-24 12:15:03.283  INFO 6982 --- [main] .s.d.r.c.RepositoryConfigurationDelegate : Bootstrapping Spring Data JPA repositories in DEFAULT mode.
2022-05-24 12:15:03.332  INFO 6982 --- [main] .s.d.r.c.RepositoryConfigurationDelegate : Finished Spring Data repository scanning in 43 ms. Found 1 JPA repository interfaces.
2022-05-24 12:15:03.737  INFO 6982 --- [main] o.s.b.w.embedded.tomcat.TomcatWebServer  : Tomcat initialized with port(s): 8081 (http)
2022-05-24 12:15:03.742  INFO 6982 --- [main] o.apache.catalina.core.StandardService   : Starting service [Tomcat]
2022-05-24 12:15:03.743  INFO 6982 --- [main] org.apache.catalina.core.StandardEngine  : Starting Servlet engine: [Apache Tomcat/9.0.62]
2022-05-24 12:15:03.805  INFO 6982 --- [main] o.a.c.c.C.[Tomcat].[localhost].[/]       : Initializing Spring embedded WebApplicationContext
2022-05-24 12:15:03.805  INFO 6982 --- [main] w.s.c.ServletWebServerApplicationContext : Root WebApplicationContext: initialization completed in 984 ms
2022-05-24 12:15:03.953  INFO 6982 --- [main] o.hibernate.jpa.internal.util.LogHelper  : HHH000204: Processing PersistenceUnitInfo [name: default]
2022-05-24 12:15:03.977  INFO 6982 --- [main] org.hibernate.Version                    : HHH000412: Hibernate ORM core version 5.6.8.Final
2022-05-24 12:15:04.042  INFO 6982 --- [main] o.hibernate.annotations.common.Version   : HCANN000001: Hibernate Commons Annotations {5.1.2.Final}
2022-05-24 12:15:04.085  INFO 6982 --- [main] com.zaxxer.hikari.HikariDataSource       : HikariPool-1 - Starting...
2022-05-24 12:15:04.244  INFO 6982 --- [main] com.zaxxer.hikari.HikariDataSource       : HikariPool-1 - Start completed.
2022-05-24 12:15:04.258  INFO 6982 --- [main] org.hibernate.dialect.Dialect            : HHH000400: Using dialect: org.hibernate.dialect.PostgreSQLDialect
2022-05-24 12:15:04.550  INFO 6982 --- [main] o.h.e.t.j.p.i.JtaPlatformInitiator       : HHH000490: Using JtaPlatform implementation: [org.hibernate.engine.transaction.jta.platform.internal.NoJtaPlatform]
2022-05-24 12:15:04.554  INFO 6982 --- [main] j.LocalContainerEntityManagerFactoryBean : Initialized JPA EntityManagerFactory for persistence unit 'default'
2022-05-24 12:15:04.809  WARN 6982 --- [main] JpaBaseConfiguration$JpaWebConfiguration : spring.jpa.open-in-view is enabled by default. Therefore, database queries may be performed during view rendering. Explicitly configure spring.jpa.open-in-view to disable this warning
2022-05-24 12:15:05.045  INFO 6982 --- [main] o.s.s.web.DefaultSecurityFilterChain     : Will secure any request with [org.springframework.security.web.context.request.async.WebAsyncManagerIntegrationFilter@6d45dd4, org.springframework.security.web.context.SecurityContextPersistenceFilter@4c91f5bf, org.springframework.security.web.header.HeaderWriterFilter@31a024ea, org.springframework.web.filter.CorsFilter@1614499b, org.springframework.security.web.authentication.logout.LogoutFilter@507f7cd1, com.example.securityredirectservice.configs.securityFilters.AuthenticationHandlerFilter@1468fc85, com.example.securityredirectservice.configs.securityFilters.AuthenticationFilter@47f39279, org.springframework.security.web.savedrequest.RequestCacheAwareFilter@4fc256ec, org.springframework.security.web.servletapi.SecurityContextHolderAwareRequestFilter@1382a7d8, org.springframework.security.web.authentication.AnonymousAuthenticationFilter@63ed5dae, org.springframework.security.web.session.SessionManagementFilter@2b540131, org.springframework.security.web.access.ExceptionTranslationFilter@1ce57bbb, org.springframework.security.web.access.intercept.FilterSecurityInterceptor@2e64ae1a]
2022-05-24 12:15:05.372  INFO 6982 --- [main] o.s.b.w.embedded.tomcat.TomcatWebServer  : Tomcat started on port(s): 8081 (http) with context path ''
2022-05-24 12:15:05.381  INFO 6982 --- [main] c.e.s.SecurityRedirectServiceApplication : Started SecurityRedirectServiceApplication in 2.882 seconds (JVM running for 3.309)
2022-05-24 12:15:16.034  INFO 6982 --- [http-nio-8081-exec-1] o.a.c.c.C.[Tomcat].[localhost].[/]       : Initializing Spring DispatcherServlet 'dispatcherServlet'
2022-05-24 12:15:16.034  INFO 6982 --- [http-nio-8081-exec-1] o.s.web.servlet.DispatcherServlet        : Initializing Servlet 'dispatcherServlet'
2022-05-24 12:15:16.036  INFO 6982 --- [http-nio-8081-exec-1] o.s.web.servlet.DispatcherServlet        : Completed initialization in 2 ms
2022-05-24 12:31:43.344  INFO 6982 --- [SpringApplicationShutdownHook] j.LocalContainerEntityManagerFactoryBean : Closing JPA EntityManagerFactory for persistence unit 'default'
2022-05-24 12:31:43.347  INFO 6982 --- [SpringApplicationShutdownHook] com.zaxxer.hikari.HikariDataSource       : HikariPool-1 - Shutdown initiated...
2022-05-24 12:31:43.358  INFO 6982 --- [SpringApplicationShutdownHook] com.zaxxer.hikari.HikariDataSource       : HikariPool-1 - Shutdown completed.
2022-05-24 13:01:01.285  INFO 3507 --- [main] c.e.s.SecurityRedirectServiceApplication : Starting SecurityRedirectServiceApplication using Java 17.0.2 on n00st-VivoBook-ASUSLaptop-X513UA-M513UA with PID 3507 (/home/n00st/IdeaProjects/SecurityRedirectService/target/classes started by n00st in /home/n00st/IdeaProjects/SecurityRedirectService)
2022-05-24 13:01:01.288  INFO 3507 --- [main] c.e.s.SecurityRedirectServiceApplication : No active profile set, falling back to 1 default profile: "default"
2022-05-24 13:01:02.281  INFO 3507 --- [main] .s.d.r.c.RepositoryConfigurationDelegate : Bootstrapping Spring Data JPA repositories in DEFAULT mode.
2022-05-24 13:01:02.437  INFO 3507 --- [main] .s.d.r.c.RepositoryConfigurationDelegate : Finished Spring Data repository scanning in 139 ms. Found 1 JPA repository interfaces.
2022-05-24 13:01:06.895  INFO 3507 --- [main] o.s.b.w.embedded.tomcat.TomcatWebServer  : Tomcat initialized with port(s): 8081 (http)
2022-05-24 13:01:06.961  INFO 3507 --- [main] o.apache.catalina.core.StandardService   : Starting service [Tomcat]
2022-05-24 13:01:06.964  INFO 3507 --- [main] org.apache.catalina.core.StandardEngine  : Starting Servlet engine: [Apache Tomcat/9.0.62]
2022-05-24 13:01:07.385  INFO 3507 --- [main] o.a.c.c.C.[Tomcat].[localhost].[/]       : Initializing Spring embedded WebApplicationContext
2022-05-24 13:01:07.385  INFO 3507 --- [main] w.s.c.ServletWebServerApplicationContext : Root WebApplicationContext: initialization completed in 6037 ms
2022-05-24 13:01:07.614  INFO 3507 --- [main] o.hibernate.jpa.internal.util.LogHelper  : HHH000204: Processing PersistenceUnitInfo [name: default]
2022-05-24 13:01:07.659  INFO 3507 --- [main] org.hibernate.Version                    : HHH000412: Hibernate ORM core version 5.6.8.Final
2022-05-24 13:01:07.780  INFO 3507 --- [main] o.hibernate.annotations.common.Version   : HCANN000001: Hibernate Commons Annotations {5.1.2.Final}
2022-05-24 13:01:07.869  INFO 3507 --- [main] com.zaxxer.hikari.HikariDataSource       : HikariPool-1 - Starting...
2022-05-24 13:01:08.131  INFO 3507 --- [main] com.zaxxer.hikari.HikariDataSource       : HikariPool-1 - Start completed.
2022-05-24 13:01:08.150  INFO 3507 --- [main] org.hibernate.dialect.Dialect            : HHH000400: Using dialect: org.hibernate.dialect.PostgreSQLDialect
2022-05-24 13:01:08.616  INFO 3507 --- [main] o.h.e.t.j.p.i.JtaPlatformInitiator       : HHH000490: Using JtaPlatform implementation: [org.hibernate.engine.transaction.jta.platform.internal.NoJtaPlatform]
2022-05-24 13:01:08.623  INFO 3507 --- [main] j.LocalContainerEntityManagerFactoryBean : Initialized JPA EntityManagerFactory for persistence unit 'default'
2022-05-24 13:01:08.920  WARN 3507 --- [main] JpaBaseConfiguration$JpaWebConfiguration : spring.jpa.open-in-view is enabled by default. Therefore, database queries may be performed during view rendering. Explicitly configure spring.jpa.open-in-view to disable this warning
2022-05-24 13:01:09.254  INFO 3507 --- [main] o.s.s.web.DefaultSecurityFilterChain     : Will secure any request with [org.springframework.security.web.context.request.async.WebAsyncManagerIntegrationFilter@4c7f2fdb, org.springframework.security.web.context.SecurityContextPersistenceFilter@402feb85, org.springframework.security.web.header.HeaderWriterFilter@60e80279, org.springframework.web.filter.CorsFilter@1b5cf611, org.springframework.security.web.authentication.logout.LogoutFilter@579ce2e9, com.example.securityredirectservice.configs.securityFilters.AuthenticationHandlerFilter@3d01ea33, com.example.securityredirectservice.configs.securityFilters.AuthenticationFilter@73b3ce31, org.springframework.security.web.savedrequest.RequestCacheAwareFilter@74d53d63, org.springframework.security.web.servletapi.SecurityContextHolderAwareRequestFilter@7112b21a, org.springframework.security.web.authentication.AnonymousAuthenticationFilter@4687366b, org.springframework.security.web.session.SessionManagementFilter@1382a7d8, org.springframework.security.web.access.ExceptionTranslationFilter@3bc3d70e, org.springframework.security.web.access.intercept.FilterSecurityInterceptor@5f65e0c0]
2022-05-24 13:01:09.686  INFO 3507 --- [main] o.s.b.w.embedded.tomcat.TomcatWebServer  : Tomcat started on port(s): 8081 (http) with context path ''
2022-05-24 13:01:09.700  INFO 3507 --- [main] c.e.s.SecurityRedirectServiceApplication : Started SecurityRedirectServiceApplication in 8.826 seconds (JVM running for 9.339)
2022-05-24 13:02:22.196  INFO 3507 --- [http-nio-8081-exec-1] o.a.c.c.C.[Tomcat].[localhost].[/]       : Initializing Spring DispatcherServlet 'dispatcherServlet'
2022-05-24 13:02:22.196  INFO 3507 --- [http-nio-8081-exec-1] o.s.web.servlet.DispatcherServlet        : Initializing Servlet 'dispatcherServlet'
2022-05-24 13:02:22.197  INFO 3507 --- [http-nio-8081-exec-1] o.s.web.servlet.DispatcherServlet        : Completed initialization in 1 ms
2022-05-24 13:31:08.641  INFO 3507 --- [SpringApplicationShutdownHook] j.LocalContainerEntityManagerFactoryBean : Closing JPA EntityManagerFactory for persistence unit 'default'
2022-05-24 13:31:08.644  INFO 3507 --- [SpringApplicationShutdownHook] com.zaxxer.hikari.HikariDataSource       : HikariPool-1 - Shutdown initiated...
2022-05-24 13:31:08.660  INFO 3507 --- [SpringApplicationShutdownHook] com.zaxxer.hikari.HikariDataSource       : HikariPool-1 - Shutdown completed.
2022-05-24 13:31:16.440  INFO 7945 --- [main] c.e.s.SecurityRedirectServiceApplication : Starting SecurityRedirectServiceApplication using Java 17.0.2 on n00st-VivoBook-ASUSLaptop-X513UA-M513UA with PID 7945 (/home/n00st/IdeaProjects/SecurityRedirectService/target/classes started by n00st in /home/n00st/IdeaProjects/SecurityRedirectService)
2022-05-24 13:31:16.443  INFO 7945 --- [main] c.e.s.SecurityRedirectServiceApplication : No active profile set, falling back to 1 default profile: "default"
2022-05-24 13:31:17.029  INFO 7945 --- [main] .s.d.r.c.RepositoryConfigurationDelegate : Bootstrapping Spring Data JPA repositories in DEFAULT mode.
2022-05-24 13:31:17.074  INFO 7945 --- [main] .s.d.r.c.RepositoryConfigurationDelegate : Finished Spring Data repository scanning in 40 ms. Found 1 JPA repository interfaces.
2022-05-24 13:31:17.431  INFO 7945 --- [main] o.s.b.w.embedded.tomcat.TomcatWebServer  : Tomcat initialized with port(s): 8081 (http)
2022-05-24 13:31:17.436  INFO 7945 --- [main] o.apache.catalina.core.StandardService   : Starting service [Tomcat]
2022-05-24 13:31:17.436  INFO 7945 --- [main] org.apache.catalina.core.StandardEngine  : Starting Servlet engine: [Apache Tomcat/9.0.62]
2022-05-24 13:31:17.495  INFO 7945 --- [main] o.a.c.c.C.[Tomcat].[localhost].[/]       : Initializing Spring embedded WebApplicationContext
2022-05-24 13:31:17.496  INFO 7945 --- [main] w.s.c.ServletWebServerApplicationContext : Root WebApplicationContext: initialization completed in 1001 ms
2022-05-24 13:31:17.633  INFO 7945 --- [main] o.hibernate.jpa.internal.util.LogHelper  : HHH000204: Processing PersistenceUnitInfo [name: default]
2022-05-24 13:31:17.656  INFO 7945 --- [main] org.hibernate.Version                    : HHH000412: Hibernate ORM core version 5.6.8.Final
2022-05-24 13:31:17.718  INFO 7945 --- [main] o.hibernate.annotations.common.Version   : HCANN000001: Hibernate Commons Annotations {5.1.2.Final}
2022-05-24 13:31:17.760  INFO 7945 --- [main] com.zaxxer.hikari.HikariDataSource       : HikariPool-1 - Starting...
2022-05-24 13:31:17.928  INFO 7945 --- [main] com.zaxxer.hikari.HikariDataSource       : HikariPool-1 - Start completed.
2022-05-24 13:31:17.937  INFO 7945 --- [main] org.hibernate.dialect.Dialect            : HHH000400: Using dialect: org.hibernate.dialect.PostgreSQLDialect
2022-05-24 13:31:18.214  INFO 7945 --- [main] o.h.e.t.j.p.i.JtaPlatformInitiator       : HHH000490: Using JtaPlatform implementation: [org.hibernate.engine.transaction.jta.platform.internal.NoJtaPlatform]
2022-05-24 13:31:18.218  INFO 7945 --- [main] j.LocalContainerEntityManagerFactoryBean : Initialized JPA EntityManagerFactory for persistence unit 'default'
2022-05-24 13:31:18.474  WARN 7945 --- [main] JpaBaseConfiguration$JpaWebConfiguration : spring.jpa.open-in-view is enabled by default. Therefore, database queries may be performed during view rendering. Explicitly configure spring.jpa.open-in-view to disable this warning
2022-05-24 13:31:18.726  INFO 7945 --- [main] o.s.s.web.DefaultSecurityFilterChain     : Will secure any request with [org.springframework.security.web.context.request.async.WebAsyncManagerIntegrationFilter@4e933cf1, org.springframework.security.web.context.SecurityContextPersistenceFilter@568c9ee1, org.springframework.security.web.header.HeaderWriterFilter@14d53884, org.springframework.web.filter.CorsFilter@729a9c3d, org.springframework.security.web.authentication.logout.LogoutFilter@4301fa39, com.example.securityredirectservice.configs.securityFilters.AuthenticationHandlerFilter@574327ed, com.example.securityredirectservice.configs.securityFilters.AuthenticationFilter@4c7f2fdb, org.springframework.security.web.savedrequest.RequestCacheAwareFilter@e5c52fa, org.springframework.security.web.servletapi.SecurityContextHolderAwareRequestFilter@38af386e, org.springframework.security.web.authentication.AnonymousAuthenticationFilter@1b5cf611, org.springframework.security.web.session.SessionManagementFilter@546c30c2, org.springframework.security.web.access.ExceptionTranslationFilter@7fc56d61, org.springframework.security.web.access.intercept.FilterSecurityInterceptor@63ed5dae]
2022-05-24 13:31:19.079  INFO 7945 --- [main] o.s.b.w.embedded.tomcat.TomcatWebServer  : Tomcat started on port(s): 8081 (http) with context path ''
2022-05-24 13:31:19.089  INFO 7945 --- [main] c.e.s.SecurityRedirectServiceApplication : Started SecurityRedirectServiceApplication in 2.925 seconds (JVM running for 3.37)
2022-05-24 13:31:24.631  INFO 7945 --- [http-nio-8081-exec-1] o.a.c.c.C.[Tomcat].[localhost].[/]       : Initializing Spring DispatcherServlet 'dispatcherServlet'
2022-05-24 13:31:24.631  INFO 7945 --- [http-nio-8081-exec-1] o.s.web.servlet.DispatcherServlet        : Initializing Servlet 'dispatcherServlet'
2022-05-24 13:31:24.635  INFO 7945 --- [http-nio-8081-exec-1] o.s.web.servlet.DispatcherServlet        : Completed initialization in 4 ms
2022-05-24 13:36:11.411  INFO 7945 --- [SpringApplicationShutdownHook] j.LocalContainerEntityManagerFactoryBean : Closing JPA EntityManagerFactory for persistence unit 'default'
2022-05-24 13:36:11.415  INFO 7945 --- [SpringApplicationShutdownHook] com.zaxxer.hikari.HikariDataSource       : HikariPool-1 - Shutdown initiated...
2022-05-24 13:36:11.429  INFO 7945 --- [SpringApplicationShutdownHook] com.zaxxer.hikari.HikariDataSource       : HikariPool-1 - Shutdown completed.
